nohup: ignoring input
[INFO] Scanning for projects...
[INFO] 
[INFO] ----------------------< com.funkard:funkard-api >-----------------------
[INFO] Building Funkard Api 0.0.1-SNAPSHOT
[INFO]   from pom.xml
[INFO] --------------------------------[ jar ]---------------------------------
[INFO] 
[INFO] >>> spring-boot:3.5.6:run (default-cli) > test-compile @ funkard-api >>>
[INFO] 
[INFO] --- resources:3.3.1:resources (default-resources) @ funkard-api ---
[INFO] Copying 1 resource from src/main/resources to target/classes
[INFO] Copying 0 resource from src/main/resources to target/classes
[INFO] 
[INFO] --- compiler:3.14.0:compile (default-compile) @ funkard-api ---
[INFO] Nothing to compile - all classes are up to date.
[INFO] 
[INFO] --- resources:3.3.1:testResources (default-testResources) @ funkard-api ---
[INFO] skip non existing resourceDirectory /workspaces/funkard-api/src/test/resources
[INFO] 
[INFO] --- compiler:3.14.0:testCompile (default-testCompile) @ funkard-api ---
[INFO] Recompiling the module because of changed source code.
[INFO] Compiling 1 source file with javac [debug parameters release 17] to target/test-classes
[INFO] 
[INFO] <<< spring-boot:3.5.6:run (default-cli) < test-compile @ funkard-api <<<
[INFO] 
[INFO] 
[INFO] --- spring-boot:3.5.6:run (default-cli) @ funkard-api ---
[INFO] Attaching agents: []

  .   ____          _            __ _ _
 /\\ / ___'_ __ _ _(_)_ __  __ _ \ \ \ \
( ( )\___ | '_ | '_| | '_ \/ _` | \ \ \ \
 \\/  ___)| |_)| | | | | || (_| |  ) ) ) )
  '  |____| .__|_| |_|_| |_\__, | / / / /
 =========|_|==============|___/=/_/_/_/

 :: Spring Boot ::                (v3.5.6)

2025-10-10T15:46:56.390Z  INFO 9969 --- [Funkard Api] [           main] com.funkard.FunkardApiApplication        : Starting FunkardApiApplication using Java 17.0.16 with PID 9969 (/workspaces/funkard-api/target/classes started by vscode in /workspaces/funkard-api)
2025-10-10T15:46:56.395Z  INFO 9969 --- [Funkard Api] [           main] com.funkard.FunkardApiApplication        : No active profile set, falling back to 1 default profile: "default"
2025-10-10T15:46:57.010Z  INFO 9969 --- [Funkard Api] [           main] .s.d.r.c.RepositoryConfigurationDelegate : Bootstrapping Spring Data JPA repositories in DEFAULT mode.
2025-10-10T15:46:57.044Z  INFO 9969 --- [Funkard Api] [           main] .s.d.r.c.RepositoryConfigurationDelegate : Finished Spring Data repository scanning in 27 ms. Found 1 JPA repository interface.
2025-10-10T15:46:57.377Z  INFO 9969 --- [Funkard Api] [           main] o.s.b.w.embedded.tomcat.TomcatWebServer  : Tomcat initialized with port 8080 (http)
2025-10-10T15:46:57.386Z  INFO 9969 --- [Funkard Api] [           main] o.apache.catalina.core.StandardService   : Starting service [Tomcat]
2025-10-10T15:46:57.387Z  INFO 9969 --- [Funkard Api] [           main] o.apache.catalina.core.StandardEngine    : Starting Servlet engine: [Apache Tomcat/10.1.46]
2025-10-10T15:46:57.419Z  INFO 9969 --- [Funkard Api] [           main] o.a.c.c.C.[Tomcat].[localhost].[/]       : Initializing Spring embedded WebApplicationContext
2025-10-10T15:46:57.420Z  INFO 9969 --- [Funkard Api] [           main] w.s.c.ServletWebServerApplicationContext : Root WebApplicationContext: initialization completed in 975 ms
2025-10-10T15:46:57.521Z  INFO 9969 --- [Funkard Api] [           main] o.hibernate.jpa.internal.util.LogHelper  : HHH000204: Processing PersistenceUnitInfo [name: default]
2025-10-10T15:46:57.550Z  INFO 9969 --- [Funkard Api] [           main] org.hibernate.Version                    : HHH000412: Hibernate ORM core version 6.6.29.Final
2025-10-10T15:46:57.571Z  INFO 9969 --- [Funkard Api] [           main] o.h.c.internal.RegionFactoryInitiator    : HHH000026: Second-level cache disabled
2025-10-10T15:46:57.801Z  INFO 9969 --- [Funkard Api] [           main] o.s.o.j.p.SpringPersistenceUnitInfo      : No LoadTimeWeaver setup: ignoring JPA class transformer
2025-10-10T15:46:57.819Z  INFO 9969 --- [Funkard Api] [           main] com.zaxxer.hikari.HikariDataSource       : HikariPool-1 - Starting...
2025-10-10T15:46:58.142Z  INFO 9969 --- [Funkard Api] [           main] com.zaxxer.hikari.pool.HikariPool        : HikariPool-1 - Added connection org.postgresql.jdbc.PgConnection@561d88ee
2025-10-10T15:46:58.143Z  INFO 9969 --- [Funkard Api] [           main] com.zaxxer.hikari.HikariDataSource       : HikariPool-1 - Start completed.
2025-10-10T15:46:58.173Z  WARN 9969 --- [Funkard Api] [           main] org.hibernate.orm.deprecation            : HHH90000025: PostgreSQLDialect does not need to be specified explicitly using 'hibernate.dialect' (remove the property setting and it will be selected by default)
2025-10-10T15:46:58.217Z  INFO 9969 --- [Funkard Api] [           main] org.hibernate.orm.connections.pooling    : HHH10001005: Database info:
	Database JDBC URL [Connecting through datasource 'HikariDataSource (HikariPool-1)']
	Database driver: undefined/unknown
	Database version: 17.5
	Autocommit mode: undefined/unknown
	Isolation level: undefined/unknown
	Minimum pool size: undefined/unknown
	Maximum pool size: undefined/unknown
2025-10-10T15:46:58.864Z  INFO 9969 --- [Funkard Api] [           main] o.h.e.t.j.p.i.JtaPlatformInitiator       : HHH000489: No JTA platform available (set 'hibernate.transaction.jta.platform' to enable JTA platform integration)
2025-10-10T15:46:58.963Z  INFO 9969 --- [Funkard Api] [           main] j.LocalContainerEntityManagerFactoryBean : Initialized JPA EntityManagerFactory for persistence unit 'default'
2025-10-10T15:46:59.102Z  WARN 9969 --- [Funkard Api] [           main] JpaBaseConfiguration$JpaWebConfiguration : spring.jpa.open-in-view is enabled by default. Therefore, database queries may be performed during view rendering. Explicitly configure spring.jpa.open-in-view to disable this warning
2025-10-10T15:46:59.363Z  INFO 9969 --- [Funkard Api] [           main] o.s.b.w.embedded.tomcat.TomcatWebServer  : Tomcat started on port 8080 (http) with context path '/'
2025-10-10T15:46:59.374Z  INFO 9969 --- [Funkard Api] [           main] com.funkard.FunkardApiApplication        : Started FunkardApiApplication in 3.337 seconds (process running for 3.624)
2025-10-10T15:47:02.423Z  INFO 9969 --- [Funkard Api] [nio-8080-exec-1] o.a.c.c.C.[Tomcat].[localhost].[/]       : Initializing Spring DispatcherServlet 'dispatcherServlet'
2025-10-10T15:47:02.423Z  INFO 9969 --- [Funkard Api] [nio-8080-exec-1] o.s.web.servlet.DispatcherServlet        : Initializing Servlet 'dispatcherServlet'
2025-10-10T15:47:02.424Z  INFO 9969 --- [Funkard Api] [nio-8080-exec-1] o.s.web.servlet.DispatcherServlet        : Completed initialization in 0 ms
Hibernate: select l1_0.id,l1_0.condition,l1_0.description,l1_0.price,l1_0.seller,l1_0.title from listings l1_0
